<?xml version="1.0" encoding="UTF-8"?>
<testng-results ignored="0" total="1" passed="1" failed="0" skipped="0">
  <reporter-output>
  </reporter-output>
  <suite started-at="2023-07-08T00:30:38 IST" name="Default suite" finished-at="2023-07-08T00:30:43 IST" duration-ms="4624">
    <groups>
    </groups>
    <test started-at="2023-07-08T00:30:38 IST" name="Default test" finished-at="2023-07-08T00:30:43 IST" duration-ms="4624">
      <class name="com.tutorialsninja.Verify_LandingPage_Header">
        <test-method is-config="true" signature="configBC()[pri:0, instance:com.tutorialsninja.Verify_LandingPage_Header@3646a422]" started-at="2023-07-08T00:30:38 IST" name="configBC" finished-at="2023-07-08T00:30:40 IST" duration-ms="1819" status="PASS">
          <reporter-output>
          </reporter-output>
        </test-method> <!-- configBC -->
        <test-method is-config="true" signature="configBF()[pri:0, instance:com.tutorialsninja.Verify_LandingPage_Header@3646a422]" started-at="2023-07-08T00:30:40 IST" name="configBF" finished-at="2023-07-08T00:30:41 IST" duration-ms="1421" status="PASS">
          <reporter-output>
          </reporter-output>
        </test-method> <!-- configBF -->
        <test-method signature="verify_header_links()[pri:0, instance:com.tutorialsninja.Verify_LandingPage_Header@3646a422]" started-at="2023-07-08T00:30:41 IST" name="verify_header_links" finished-at="2023-07-08T00:30:42 IST" duration-ms="1122" status="PASS">
          <reporter-output>
          </reporter-output>
        </test-method> <!-- verify_header_links -->
        <test-method is-config="true" signature="configAM()[pri:0, instance:com.tutorialsninja.Verify_LandingPage_Header@3646a422]" started-at="2023-07-08T00:30:42 IST" name="configAM" finished-at="2023-07-08T00:30:42 IST" duration-ms="119" status="PASS">
          <reporter-output>
          </reporter-output>
        </test-method> <!-- configAM -->
        <test-method is-config="true" signature="configAC()[pri:0, instance:com.tutorialsninja.Verify_LandingPage_Header@3646a422]" started-at="2023-07-08T00:30:42 IST" name="configAC" finished-at="2023-07-08T00:30:43 IST" duration-ms="100" status="PASS">
          <reporter-output>
          </reporter-output>
        </test-method> <!-- configAC -->
      </class> <!-- com.tutorialsninja.Verify_LandingPage_Header -->
    </test> <!-- Default test -->
  </suite> <!-- Default suite -->
</testng-results>
